This is TeX, Version 3.14159 (Web2c 7.3.7x) (format=latex 2006.11.20)  31 MAR 2010 13:30
**adv_matrix.tex
(./adv_matrix.tex
LaTeX2e <2001/06/01>
Loading CZ hyphenation patterns: Pavel Sevecek, v3, 1995
Loading SK hyphenation patterns: Jana Chlebikova, 1992
Babel <v3.7h> and hyphenation patterns for english, dumylang, nohyphenation, cz
ech, slovak, german, ngerman, spanish, catalan, french, ukenglish, italian, dut
ch, polish, portuguese, russian, loaded.
(c:/Program Files/TeXLive/texmf/tex/latex/amslatex/amsart.cls
Document Class: amsart 2000/10/26 v2.08
\linespacing=\dimen102
\normalparindent=\dimen103
\normaltopskip=\skip41
(c:/Program Files/TeXLive/texmf/tex/latex/amslatex/amsmath.sty
Package: amsmath 2000/07/18 v2.13 AMS math features
\@mathmargin=\skip42

For additional information on amsmath, use the `?' option.
(c:/Program Files/TeXLive/texmf/tex/latex/amslatex/amstext.sty
Package: amstext 2000/06/29 v2.01

(c:/Program Files/TeXLive/texmf/tex/latex/amslatex/amsgen.sty
File: amsgen.sty 1999/11/30 v2.0
\@emptytoks=\toks14
\ex@=\dimen104
))
(c:/Program Files/TeXLive/texmf/tex/latex/amslatex/amsbsy.sty
Package: amsbsy 1999/11/29 v1.2d
\pmbraise@=\dimen105
)
(c:/Program Files/TeXLive/texmf/tex/latex/amslatex/amsopn.sty
Package: amsopn 1999/12/14 v2.01 operator names
)
\inf@bad=\count79
LaTeX Info: Redefining \frac on input line 211.
\uproot@=\count80
\leftroot@=\count81
LaTeX Info: Redefining \overline on input line 307.
\classnum@=\count82
\DOTSCASE@=\count83
LaTeX Info: Redefining \ldots on input line 379.
LaTeX Info: Redefining \dots on input line 382.
LaTeX Info: Redefining \cdots on input line 467.
\Mathstrutbox@=\box26
\strutbox@=\box27
\big@size=\dimen106
LaTeX Font Info:    Redeclaring font encoding OML on input line 567.
LaTeX Font Info:    Redeclaring font encoding OMS on input line 568.
\macc@depth=\count84
\c@MaxMatrixCols=\count85
\dotsspace@=\muskip10
\c@parentequation=\count86
\dspbrk@lvl=\count87
\tag@help=\toks15
\row@=\count88
\column@=\count89
\maxfields@=\count90
\andhelp@=\toks16
\eqnshift@=\dimen107
\alignsep@=\dimen108
\tagshift@=\dimen109
\tagwidth@=\dimen110
\totwidth@=\dimen111
\lineht@=\dimen112
\@envbody=\toks17
\multlinegap=\skip43
\multlinetaggap=\skip44
\mathdisplay@stack=\toks18
LaTeX Info: Redefining \[ on input line 2666.
LaTeX Info: Redefining \] on input line 2667.
)
LaTeX Font Info:    Try loading font information for U+msa on input line 395.

(c:/Program Files/TeXLive/texmf/tex/latex/amsfonts/umsa.fd
File: umsa.fd 2002/01/19 v2.2g AMS font definitions
)
(c:/Program Files/TeXLive/texmf/tex/latex/amsfonts/amsfonts.sty
Package: amsfonts 2001/10/25 v2.2f
\symAMSa=\mathgroup4
\symAMSb=\mathgroup5
LaTeX Font Info:    Overwriting math alphabet `\mathfrak' in version `bold'
(Font)                  U/euf/m/n --> U/euf/b/n on input line 132.
)
\copyins=\insert233
\abstractbox=\box28
\listisep=\skip45
\c@part=\count91
\c@section=\count92
\c@subsection=\count93
\c@subsubsection=\count94
\c@paragraph=\count95
\c@subparagraph=\count96
\c@figure=\count97
\c@table=\count98
\abovecaptionskip=\skip46
\belowcaptionskip=\skip47
\captionindent=\dimen113
\thm@style=\toks19
\thm@bodyfont=\toks20
\thm@headfont=\toks21
\thm@notefont=\toks22
\thm@headpunct=\toks23
\thm@preskip=\skip48
\thm@postskip=\skip49
\thm@headsep=\skip50
\dth@everypar=\toks24
)
(c:/Program Files/TeXLive/texmf-local/tex/latex/cite.sty
Package: cite 1999/04/23  v 3.8
)
(c:/Program Files/TeXLive/texmf-local/tex/latex/url.sty
Package: url 1996/10/19  ver 1.2  Verb mode for urls, email addresses, and file
 names
)
(c:/Program Files/TeXLive/texmf/tex/latex/amsfonts/amssymb.sty
Package: amssymb 2002/01/22 v2.2d
)
(c:/Program Files/TeXLive/texmf/tex/latex/amslatex/amscd.sty
Package: amscd 1999/11/29 v2.0
\athelp@=\toks25
\minaw@=\dimen114
\bigaw@=\dimen115
\minCDarrowwidth=\dimen116
)
(c:/Program Files/TeXLive/texmf/tex/latex/eepic/eepic.sty
Extension to Epic and LaTeX. Version 1.1e - Released Dec 21, 1999
\@gphlinewidth=\count99
\@eepictcnt=\count100
\@tempdimc=\dimen117
\maxovaldiam=\dimen118
\@filltype=\box29
) (c:/Program Files/TeXLive/texmf-local/tex/latex/gastex.sty
Package: gastex 2004/05/02 v2.7

(c:/Program Files/TeXLive/texmf-local/tex/latex/calc.sty
Package: calc 1998/07/07 v4.1b Infix arithmetic (KKT,FJ)
\calc@Acount=\count101
\calc@Bcount=\count102
\calc@Adimen=\dimen119
\calc@Bdimen=\dimen120
\calc@Askip=\skip51
\calc@Bskip=\skip52
LaTeX Info: Redefining \setlength on input line 55.
LaTeX Info: Redefining \addtolength on input line 56.
\calc@denominator=\count103
)
(c:/Program Files/TeXLive/texmf-local/tex/latex/trig.sty
Package: trig 1999/03/16 v1.09 sin cos tan (DPC)
)
\c@cnt@a=\count104
\c@cnt@b=\count105
\c@cnt@c=\count106
\dim@x=\dimen121
\dim@y=\dimen122
\temp@box=\box30
\d@my@unit=\dimen123
\c@cnt@@a=\count107
\c@cnt@@b=\count108
\c@cnt@@c=\count109
)
(c:/Program Files/TeXLive/texmf/tex/latex/rotating/rotating.sty
Package: rotating 1997/09/26, v2.13 Rotation package

(c:/Program Files/TeXLive/texmf/tex/latex/graphics/graphicx.sty
Package: graphicx 1999/02/16 v1.0f Enhanced LaTeX Graphics (DPC,SPQR)

(c:/Program Files/TeXLive/texmf/tex/latex/graphics/keyval.sty
Package: keyval 1999/03/16 v1.13 key=value parser (DPC)
\KV@toks@=\toks26
)
(c:/Program Files/TeXLive/texmf/tex/latex/graphics/graphics.sty
Package: graphics 2001/07/07 v1.0n Standard LaTeX Graphics (DPC,SPQR)

(c:/Program Files/TeXLive/texmf/tex/latex/texlive/graphics.cfg
File: graphics.cfg 2001/08/31 v1.1 graphics configuration of teTeX/TeXLive
)
Package graphics Info: Driver file: dvips.def on input line 80.

(c:/Program Files/TeXLive/texmf/tex/latex/graphics/dvips.def
File: dvips.def 1999/02/16 v3.0i Driver-dependant file (DPC,SPQR)
))
\Gin@req@height=\dimen124
\Gin@req@width=\dimen125
)
(c:/Program Files/TeXLive/texmf/tex/latex/base/ifthen.sty
Package: ifthen 2001/05/26 v1.1c Standard LaTeX ifthen package (DPC)
)
\c@r@tfl@t=\count110
\rot@float@box=\box31
)
(c:/Program Files/TeXLive/texmf/tex/latex/graphics/color.sty
Package: color 1999/02/16 v1.0i Standard LaTeX Color (DPC)

(c:/Program Files/TeXLive/texmf/tex/latex/texlive/color.cfg
File: color.cfg 2001/08/31 v1.1 color configuration of teTeX/TeXLive
)
Package color Info: Driver file: dvips.def on input line 125.

(c:/Program Files/TeXLive/texmf/tex/latex/graphics/dvipsnam.def
File: dvipsnam.def 1999/02/16 v3.0i Driver-dependant file (DPC,SPQR)
))
\symrsfscript=\mathgroup6
\c@Thm=\count111
\c@Def=\count112
\c@Rmk=\count113
\c@Problem=\count114

(./adv_matrix.aux)
\openout1 = `adv_matrix.aux'.

LaTeX Font Info:    Checking defaults for OML/cmm/m/it on input line 152.
LaTeX Font Info:    ... okay on input line 152.
LaTeX Font Info:    Checking defaults for T1/cmr/m/n on input line 152.
LaTeX Font Info:    ... okay on input line 152.
LaTeX Font Info:    Checking defaults for OT1/cmr/m/n on input line 152.
LaTeX Font Info:    ... okay on input line 152.
LaTeX Font Info:    Checking defaults for OMS/cmsy/m/n on input line 152.
LaTeX Font Info:    ... okay on input line 152.
LaTeX Font Info:    Checking defaults for OMX/cmex/m/n on input line 152.
LaTeX Font Info:    ... okay on input line 152.
LaTeX Font Info:    Checking defaults for U/cmr/m/n on input line 152.
LaTeX Font Info:    ... okay on input line 152.
LaTeX Font Info:    Try loading font information for U+msa on input line 152.
 (c:/Program Files/TeXLive/texmf/tex/latex/amsfonts/umsa.fd
File: umsa.fd 2002/01/19 v2.2g AMS font definitions
)
LaTeX Font Info:    Try loading font information for U+msb on input line 152.

(c:/Program Files/TeXLive/texmf/tex/latex/amsfonts/umsb.fd
File: umsb.fd 2002/01/19 v2.2g AMS font definitions
)
LaTeX Font Info:    Try loading font information for OMS+rsfs on input line 152
.

(c:/Program Files/TeXLive/texmf/tex/latex/calrsfs/omsrsfs.fd) [1] [2] [3]
[4] [5] [6] [7] [8] [9] [10] [11] [12] [13]
LaTeX Font Info:    Try loading font information for OMS+cmr on input line 1077
.

(c:/Program Files/TeXLive/texmf/tex/latex/base/omscmr.fd
File: omscmr.fd 1999/05/25 v2.5h Standard LaTeX font definitions
)
LaTeX Font Info:    Font shape `OMS/cmr/m/n' in size <10.95> not available
(Font)              Font shape `OMS/cmsy/m/n' tried instead on input line 1077.


Underfull \vbox (badness 1675) has occurred while \output is active []

 [14]
[15] [16] [17] [18] [19]
Overfull \hbox (7.37141pt too wide) in paragraph at lines 1527--1540
\OT1/cmr/m/n/10.95 that, for each field $\OMS/cmsy/m/n/10.95 K$ \OT1/cmr/m/n/10
.95 of char-ac-ter-is-tic $0$, the in-vo-lu-tory semi-group $\OMS/cmsy/m/n/10.9
5 h\OT1/cmr/m/n/10.95 M[](\OMS/cmsy/m/n/10.95 K\OT1/cmr/m/n/10.95 )\OML/cmm/m/i
t/10.95 ; \OMS/cmsy/m/n/10.95 ^^A\OML/cmm/m/it/10.95 ; [][]\OMS/cmsy/m/n/10.95 
i$
 []

[20] [21] [22] [23] [24]
Underfull \vbox (badness 10000) has occurred while \output is active []

 [25]
[26] (./adv_matrix.aux) ) 
Here is how much of TeX's memory you used:
 3039 strings out of 50491
 34551 string characters out of 1189754
 105320 words of memory out of 1500001
 5787 multiletter control sequences out of 10000+15000
 19568 words of font info for 74 fonts, out of 400000 for 1000
 449 hyphenation exceptions out of 1000
 34i,16n,32p,264b,438s stack positions out of 1500i,500n,1500p,200000b,5000s

Output written on adv_matrix.dvi (26 pages, 130580 bytes).
